<?xml version="1.0" encoding="UTF-8"?>
<testng-results ignored="0" total="1" passed="1" failed="0" skipped="0">
  <reporter-output>
  </reporter-output>
  <suite started-at="2023-09-14T17:55:57 IST" name="demoqa" finished-at="2023-09-14T17:56:12 IST" duration-ms="15289">
    <groups>
      <group name="functional">
        <method signature="OpenBrowserAndURL.openBrowserAndURL()[pri:0, instance:testcacses.OpenBrowserAndURL@3b956878]" name="openBrowserAndURL" class="testcacses.OpenBrowserAndURL"/>
      </group> <!-- functional -->
      <group name="regression">
        <method signature="OpenBrowserAndURL.openBrowserAndURL()[pri:0, instance:testcacses.OpenBrowserAndURL@3b956878]" name="openBrowserAndURL" class="testcacses.OpenBrowserAndURL"/>
      </group> <!-- regression -->
      <group name="smoke">
        <method signature="OpenBrowserAndURL.openBrowserAndURL()[pri:0, instance:testcacses.OpenBrowserAndURL@3b956878]" name="openBrowserAndURL" class="testcacses.OpenBrowserAndURL"/>
      </group> <!-- smoke -->
      <group name="sanity">
        <method signature="OpenBrowserAndURL.openBrowserAndURL()[pri:0, instance:testcacses.OpenBrowserAndURL@3b956878]" name="openBrowserAndURL" class="testcacses.OpenBrowserAndURL"/>
      </group> <!-- sanity -->
    </groups>
    <test started-at="2023-09-14T17:55:57 IST" name="TestBox" finished-at="2023-09-14T17:56:12 IST" duration-ms="15289">
      <class name="testcacses.OpenBrowserAndURL">
        <test-method signature="openBrowserAndURL()[pri:0, instance:testcacses.OpenBrowserAndURL@3b956878]" started-at="2023-09-14T17:55:57 IST" name="openBrowserAndURL" finished-at="2023-09-14T17:56:11 IST" duration-ms="14527" status="PASS">
          <reporter-output>
          </reporter-output>
        </test-method> <!-- openBrowserAndURL -->
      </class> <!-- testcacses.OpenBrowserAndURL -->
    </test> <!-- TestBox -->
  </suite> <!-- demoqa -->
</testng-results>
